#
# There is insufficient memory for the Java Runtime Environment to continue.
# Native memory allocation (mmap) failed to map 33554432 bytes for G1 virtual space
# Possible reasons:
#   The system is out of physical RAM or swap space
#   The process is running with CompressedOops enabled, and the Java Heap may be blocking the growth of the native heap
# Possible solutions:
#   Reduce memory load on the system
#   Increase physical memory or swap space
#   Check if swap backing store is full
#   Decrease Java heap size (-Xmx/-Xms)
#   Decrease number of Java threads
#   Decrease Java thread stack sizes (-Xss)
#   Set larger code cache with -XX:ReservedCodeCacheSize=
#   JVM is running with Unscaled Compressed Oops mode in which the Java heap is
#     placed in the first 4GB address space. The Java Heap base address is the
#     maximum limit for the native heap growth. Please use -XX:HeapBaseMinAddress
#     to set the Java Heap base and to place the Java Heap above 4GB virtual address.
# This output file may be truncated or incomplete.
#
#  Out of Memory Error (os_windows.cpp:3613), pid=1416, tid=11436
#
# JRE version:  (17.0.10+7) (build )
# Java VM: OpenJDK 64-Bit Server VM (17.0.10+7, mixed mode, sharing, tiered, compressed oops, compressed class ptrs, g1 gc, windows-amd64)
# No core dump will be written. Minidumps are not enabled by default on client versions of Windows
#

---------------  S U M M A R Y ------------

Command Line: -Dfile.encoding=UTF-8 -Dstdout.encoding=UTF-8 -Dstderr.encoding=UTF-8 -XX:+ShowCodeDetailsInExceptionMessages PastaTELAS.TelaPGR

Host: Intel(R) Core(TM)2 Duo CPU     T6600  @ 2.20GHz, 2 cores, 1G,  Windows 10 , 64 bit Build 19041 (10.0.19041.3636)
Time: Tue Apr 16 21:14:34 2024 Hora oficial do Brasil elapsed time: 0.053682 seconds (0d 0h 0m 0s)

---------------  T H R E A D  ---------------

Current thread (0x00000263ac0cb990):  JavaThread "Unknown thread" [_thread_in_vm, id=11436, stack(0x000000c89b200000,0x000000c89b300000)]

Stack: [0x000000c89b200000,0x000000c89b300000]
Native frames: (J=compiled Java code, j=interpreted, Vv=VM code, C=native code)
V  [jvm.dll+0x67d2c9]
V  [jvm.dll+0x834afa]
V  [jvm.dll+0x8365be]
V  [jvm.dll+0x836c23]
V  [jvm.dll+0x2477ff]
V  [jvm.dll+0x67a109]
V  [jvm.dll+0x66eb7a]
V  [jvm.dll+0x30764b]
V  [jvm.dll+0x30eaf6]
V  [jvm.dll+0x35e83e]
V  [jvm.dll+0x35ea6f]
V  [jvm.dll+0x2de248]
V  [jvm.dll+0x2df1b4]
V  [jvm.dll+0x806361]
V  [jvm.dll+0x36c6f1]
V  [jvm.dll+0x7e4e06]
V  [jvm.dll+0x3eff3f]
V  [jvm.dll+0x3f1b71]
C  [jli.dll+0x528f]
C  [ucrtbase.dll+0x21bb2]
C  [KERNEL32.DLL+0x17344]
C  [ntdll.dll+0x526b1]


---------------  P R O C E S S  ---------------

Threads class SMR info:
_java_thread_list=0x00007ff90bfeee98, length=0, elements={
}

Java Threads: ( => current thread )

Other Threads:
  0x00000263ac0f7190 GCTaskThread "GC Thread#0" [stack: 0x000000c89b300000,0x000000c89b400000] [id=6044]
  0x00000263ac0fbfb0 ConcurrentGCThread "G1 Main Marker" [stack: 0x000000c89b400000,0x000000c89b500000] [id=9248]
  0x00000263ac0fd1c0 ConcurrentGCThread "G1 Conc#0" [stack: 0x000000c89b500000,0x000000c89b600000] [id=8404]

[error occurred during error reporting (printing all threads), id 0xc0000005, EXCEPTION_ACCESS_VIOLATION (0xc0000005) at pc=0x00007ff90b7aec87]

VM state: not at safepoint (not fully initialized)

VM Mutex/Monitor currently owned by a thread:  ([mutex/lock_event])
[0x00000263ac0c8380] Heap_lock - owner thread: 0x00000263ac0cb990

Heap address: 0x00000000e0200000, size: 510 MB, Compressed Oops mode: 32-bit

CDS archive(s) mapped at: [0x0000000000000000-0x0000000000000000-0x0000000000000000), size 0, SharedBaseAddress: 0x0000000800000000, ArchiveRelocationMode: 1.
Narrow klass base: 0x0000000000000000, Narrow klass shift: 0, Narrow klass range: 0x0

GC Precious Log:
<Empty>

Heap:
 garbage-first heap   total 0K, used 0K [0x00000000e0200000, 0x0000000100000000)
  region size 1024K, 0 young (0K), 0 survivors (0K)

[error occurred during error reporting (printing heap information), id 0xc0000005, EXCEPTION_ACCESS_VIOLATION (0xc0000005) at pc=0x00007ff90bb96fb9]

GC Heap History (0 events):
No events

Dll operation events (1 events):
Event: 0.021 Loaded shared library C:\Users\Paulo\Documents\eclipse\plugins\org.eclipse.justj.openjdk.hotspot.jre.full.win32.x86_64_17.0.10.v20240120-1143\jre\bin\java.dll

Deoptimization events (0 events):
No events

Classes unloaded (0 events):
No events

Classes redefined (0 events):
No events

Internal exceptions (0 events):
No events

VM Operations (0 events):
No events

Events (0 events):
No events


Dynamic libraries:
0x00007ff7ed5d0000 - 0x00007ff7ed5de000 	C:\Users\Paulo\Documents\eclipse\plugins\org.eclipse.justj.openjdk.hotspot.jre.full.win32.x86_64_17.0.10.v20240120-1143\jre\bin\javaw.exe
0x00007ff93ac90000 - 0x00007ff93ae88000 	C:\Windows\SYSTEM32\ntdll.dll
0x00007ff93aad0000 - 0x00007ff93ab8d000 	C:\Windows\System32\KERNEL32.DLL
0x00007ff9389c0000 - 0x00007ff938cb6000 	C:\Windows\System32\KERNELBASE.dll
0x00007ff938890000 - 0x00007ff938990000 	C:\Windows\System32\ucrtbase.dll
0x00007ff935b80000 - 0x00007ff935b97000 	C:\Users\Paulo\Documents\eclipse\plugins\org.eclipse.justj.openjdk.hotspot.jre.full.win32.x86_64_17.0.10.v20240120-1143\jre\bin\jli.dll
0x00007ff935bb0000 - 0x00007ff935bcb000 	C:\Users\Paulo\Documents\eclipse\plugins\org.eclipse.justj.openjdk.hotspot.jre.full.win32.x86_64_17.0.10.v20240120-1143\jre\bin\VCRUNTIME140.dll
0x00007ff93a4c0000 - 0x00007ff93a65f000 	C:\Windows\System32\USER32.dll
0x00007ff938990000 - 0x00007ff9389b2000 	C:\Windows\System32\win32u.dll
0x00007ff93a490000 - 0x00007ff93a4bb000 	C:\Windows\System32\GDI32.dll
0x00007ff9383b0000 - 0x00007ff9384c7000 	C:\Windows\System32\gdi32full.dll
0x00007ff9384d0000 - 0x00007ff93856d000 	C:\Windows\System32\msvcp_win.dll
0x00007ff92a210000 - 0x00007ff92a4aa000 	C:\Windows\WinSxS\amd64_microsoft.windows.common-controls_6595b64144ccf1df_6.0.19041.3636_none_60b6a03d71f818d5\COMCTL32.dll
0x00007ff939b90000 - 0x00007ff939c2e000 	C:\Windows\System32\msvcrt.dll
0x00007ff93a1f0000 - 0x00007ff93a222000 	C:\Windows\System32\IMM32.DLL
0x00007ff935b70000 - 0x00007ff935b7c000 	C:\Users\Paulo\Documents\eclipse\plugins\org.eclipse.justj.openjdk.hotspot.jre.full.win32.x86_64_17.0.10.v20240120-1143\jre\bin\vcruntime140_1.dll
0x00007ff9227a0000 - 0x00007ff92282d000 	C:\Users\Paulo\Documents\eclipse\plugins\org.eclipse.justj.openjdk.hotspot.jre.full.win32.x86_64_17.0.10.v20240120-1143\jre\bin\msvcp140.dll
0x00007ff90b4c0000 - 0x00007ff90c122000 	C:\Users\Paulo\Documents\eclipse\plugins\org.eclipse.justj.openjdk.hotspot.jre.full.win32.x86_64_17.0.10.v20240120-1143\jre\bin\server\jvm.dll
0x00007ff93aba0000 - 0x00007ff93ac50000 	C:\Windows\System32\ADVAPI32.dll
0x00007ff939760000 - 0x00007ff939800000 	C:\Windows\System32\sechost.dll
0x00007ff939f90000 - 0x00007ff93a0b3000 	C:\Windows\System32\RPCRT4.dll
0x00007ff938650000 - 0x00007ff938677000 	C:\Windows\System32\bcrypt.dll
0x00007ff937880000 - 0x00007ff9378cb000 	C:\Windows\SYSTEM32\POWRPROF.dll
0x00007ff935ba0000 - 0x00007ff935ba9000 	C:\Windows\SYSTEM32\WSOCK32.dll
0x00007ff939b20000 - 0x00007ff939b8b000 	C:\Windows\System32\WS2_32.dll
0x00007ff921ac0000 - 0x00007ff921ae7000 	C:\Windows\SYSTEM32\WINMM.dll
0x00007ff928bc0000 - 0x00007ff928bca000 	C:\Windows\SYSTEM32\VERSION.dll
0x00007ff937740000 - 0x00007ff937752000 	C:\Windows\SYSTEM32\UMPDC.dll
0x00007ff9361d0000 - 0x00007ff9361e2000 	C:\Windows\SYSTEM32\kernel.appcore.dll
0x00007ff9309e0000 - 0x00007ff9309ea000 	C:\Users\Paulo\Documents\eclipse\plugins\org.eclipse.justj.openjdk.hotspot.jre.full.win32.x86_64_17.0.10.v20240120-1143\jre\bin\jimage.dll
0x00007ff927ef0000 - 0x00007ff9280d4000 	C:\Windows\SYSTEM32\DBGHELP.DLL
0x00007ff927d90000 - 0x00007ff927dc4000 	C:\Windows\SYSTEM32\dbgcore.DLL
0x00007ff938570000 - 0x00007ff9385f2000 	C:\Windows\System32\bcryptPrimitives.dll
0x00007ff92df70000 - 0x00007ff92df95000 	C:\Users\Paulo\Documents\eclipse\plugins\org.eclipse.justj.openjdk.hotspot.jre.full.win32.x86_64_17.0.10.v20240120-1143\jre\bin\java.dll

dbghelp: loaded successfully - version: 4.0.5 - missing functions: none
symbol engine: initialized successfully - sym options: 0x614 - pdb path: .;C:\Users\Paulo\Documents\eclipse\plugins\org.eclipse.justj.openjdk.hotspot.jre.full.win32.x86_64_17.0.10.v20240120-1143\jre\bin;C:\Windows\SYSTEM32;C:\Windows\WinSxS\amd64_microsoft.windows.common-controls_6595b64144ccf1df_6.0.19041.3636_none_60b6a03d71f818d5;C:\Users\Paulo\Documents\eclipse\plugins\org.eclipse.justj.openjdk.hotspot.jre.full.win32.x86_64_17.0.10.v20240120-1143\jre\bin\server

VM Arguments:
jvm_args: -Dfile.encoding=UTF-8 -Dstdout.encoding=UTF-8 -Dstderr.encoding=UTF-8 -XX:+ShowCodeDetailsInExceptionMessages 
java_command: PastaTELAS.TelaPGR
java_class_path (initial): C:\Users\Paulo\Documents\TCC\Estudo_TCC\bin;C:\Users\Paulo\Documents\mysql-connector-j-8.3.0\mysql-connector-j-8.3.0.jar
Launcher Type: SUN_STANDARD

[Global flags]
     intx CICompilerCount                          = 2                                         {product} {ergonomic}
     uint ConcGCThreads                            = 1                                         {product} {ergonomic}
     uint G1ConcRefinementThreads                  = 2                                         {product} {ergonomic}
   size_t G1HeapRegionSize                         = 1048576                                   {product} {ergonomic}
    uintx GCDrainStackTargetSize                   = 64                                        {product} {ergonomic}
   size_t InitialHeapSize                          = 33554432                                  {product} {ergonomic}
   size_t MarkStackSize                            = 4194304                                   {product} {ergonomic}
   size_t MaxHeapSize                              = 534773760                                 {product} {ergonomic}
   size_t MinHeapDeltaBytes                        = 1048576                                   {product} {ergonomic}
   size_t MinHeapSize                              = 8388608                                   {product} {ergonomic}
    uintx NonNMethodCodeHeapSize                   = 5826188                                {pd product} {ergonomic}
    uintx NonProfiledCodeHeapSize                  = 122916026                              {pd product} {ergonomic}
    uintx ProfiledCodeHeapSize                     = 122916026                              {pd product} {ergonomic}
    uintx ReservedCodeCacheSize                    = 251658240                              {pd product} {ergonomic}
     bool SegmentedCodeCache                       = true                                      {product} {ergonomic}
     bool ShowCodeDetailsInExceptionMessages       = true                                   {manageable} {command line}
   size_t SoftMaxHeapSize                          = 534773760                              {manageable} {ergonomic}
     bool UseCompressedClassPointers               = true                           {product lp64_product} {ergonomic}
     bool UseCompressedOops                        = true                           {product lp64_product} {ergonomic}
     bool UseG1GC                                  = true                                      {product} {ergonomic}
     bool UseLargePagesIndividualAllocation        = false                                  {pd product} {ergonomic}

Logging:
Log output configuration:
 #0: stdout all=warning uptime,level,tags
 #1: stderr all=off uptime,level,tags

Environment Variables:
JAVA_HOME=C:\Program Files\NetBeans-21
PATH=C:/Users/Paulo/Documents/eclipse//plugins/org.eclipse.justj.openjdk.hotspot.jre.full.win32.x86_64_17.0.10.v20240120-1143/jre/bin/server;C:/Users/Paulo/Documents/eclipse//plugins/org.eclipse.justj.openjdk.hotspot.jre.full.win32.x86_64_17.0.10.v20240120-1143/jre/bin;C:\Program Files\Common Files\Oracle\Java\javapath;C:\Program Files (x86)\Common Files\Oracle\Java\javapath;C:\Windows\system32;C:\Windows;C:\Windows\System32\Wbem;C:\Windows\System32\WindowsPowerShell\v1.0\;C:\Windows\System32\OpenSSH\;C:\Program Files\NetBeans-21\bin;C:\Program Files\apache-maven-3.9.6;C:\Program Files\Java\jdk-22\bin;C:\Program Files\Git\cmd;C:\Program Files\MySQL\MySQL Shell 8.0\bin\;C:\Users\Paulo\AppData\Local\Microsoft\WindowsApps;C:\Program Files\Java\jdk-22\bin;C:\Users\Paulo\AppData\Local\Programs\Microsoft VS Code\bin;C:\Users\Paulo\AppData\Local\GitHubDesktop\bin;C:\Users\Paulo\Documents\eclipse;
USERNAME=Paulo
OS=Windows_NT
PROCESSOR_IDENTIFIER=Intel64 Family 6 Model 23 Stepping 10, GenuineIntel
TMP=C:\Users\Paulo\AppData\Local\Temp
TEMP=C:\Users\Paulo\AppData\Local\Temp



Periodic native trim disabled


---------------  S Y S T E M  ---------------

OS:
 Windows 10 , 64 bit Build 19041 (10.0.19041.3636)
OS uptime: 2 days 11:07 hours

CPU: total 2 (initial active 2) (2 cores per cpu, 1 threads per core) family 6 model 23 stepping 10 microcode 0xa0c, cx8, cmov, fxsr, mmx, sse, sse2, sse3, ssse3, sse4.1, tsc, clflush
Processor Information for all 2 processors :
  Max Mhz: 2194, Current Mhz: 2194, Mhz Limit: 2194

Memory: 4k page, system-wide physical 2037M (313M free)
TotalPageFile size 8181M (AvailPageFile size 24M)
current process WorkingSet (physical memory assigned to process): 10M, peak: 10M
current process commit charge ("private bytes"): 47M, peak: 79M

vm_info: OpenJDK 64-Bit Server VM (17.0.10+7) for windows-amd64 JRE (17.0.10+7), built on Jan 16 2024 23:25:11 by "admin" with MS VC++ 16.10 / 16.11 (VS2019)

END.
